2026-03-19T09:24:31.832Z - Export process started.
2026-03-19T09:24:31.836Z - 
Exporting collection: users
2026-03-19T09:24:31.839Z -   - Processing batch 1...
2026-03-19T09:24:35.309Z -     ...wrote 300 documents to users_batch_1.sql (Total: 300)
2026-03-19T09:24:35.312Z -   - Processing batch 2...
2026-03-19T09:24:36.041Z -     ...wrote 300 documents to users_batch_2.sql (Total: 600)
2026-03-19T09:24:36.043Z -   - Processing batch 3...
2026-03-19T09:24:36.899Z -     ...wrote 300 documents to users_batch_3.sql (Total: 900)
2026-03-19T09:24:36.899Z -   - Processing batch 4...
2026-03-19T09:24:37.598Z -     ...wrote 300 documents to users_batch_4.sql (Total: 1200)
2026-03-19T09:24:37.598Z -   - Processing batch 5...
2026-03-19T09:24:38.492Z -     ...wrote 300 documents to users_batch_5.sql (Total: 1500)
2026-03-19T09:24:38.492Z -   - Processing batch 6...
2026-03-19T09:24:39.173Z -     ...wrote 300 documents to users_batch_6.sql (Total: 1800)
2026-03-19T09:24:39.174Z -   - Processing batch 7...
2026-03-19T09:24:40.157Z -     ...wrote 300 documents to users_batch_7.sql (Total: 2100)
2026-03-19T09:24:40.159Z -   - Processing batch 8...
2026-03-19T09:24:40.859Z -     ...wrote 300 documents to users_batch_8.sql (Total: 2400)
2026-03-19T09:24:40.859Z -   - Processing batch 9...
2026-03-19T09:24:41.834Z -     ...wrote 299 documents to users_batch_9.sql (Total: 2699)
2026-03-19T09:24:41.834Z - Successfully exported collection: users
2026-03-19T09:24:41.834Z - 
Exporting collection: orders
2026-03-19T09:24:41.834Z -   - Processing batch 1...
2026-03-19T09:24:45.125Z -     ...wrote 300 documents to orders_batch_1.sql (Total: 300)
2026-03-19T09:24:45.126Z -   - Processing batch 2...
2026-03-19T09:24:48.581Z -     ...wrote 300 documents to orders_batch_2.sql (Total: 600)
2026-03-19T09:24:48.582Z -   - Processing batch 3...
2026-03-19T09:24:51.984Z -     ...wrote 300 documents to orders_batch_3.sql (Total: 900)
2026-03-19T09:24:51.985Z -   - Processing batch 4...
2026-03-19T09:24:55.492Z -     ...wrote 300 documents to orders_batch_4.sql (Total: 1200)
2026-03-19T09:24:55.492Z -   - Processing batch 5...
2026-03-19T09:24:59.532Z -     ...wrote 300 documents to orders_batch_5.sql (Total: 1500)
2026-03-19T09:24:59.533Z -   - Processing batch 6...
2026-03-19T09:25:04.308Z -     ...wrote 300 documents to orders_batch_6.sql (Total: 1800)
2026-03-19T09:25:04.309Z -   - Processing batch 7...
2026-03-19T09:25:08.147Z -     ...wrote 300 documents to orders_batch_7.sql (Total: 2100)
2026-03-19T09:25:08.148Z -   - Processing batch 8...
2026-03-19T09:25:11.427Z -     ...wrote 300 documents to orders_batch_8.sql (Total: 2400)
2026-03-19T09:25:11.427Z -   - Processing batch 9...
2026-03-19T09:25:15.716Z -     ...wrote 300 documents to orders_batch_9.sql (Total: 2700)
2026-03-19T09:25:15.718Z -   - Processing batch 10...
2026-03-19T09:25:19.093Z -     ...wrote 300 documents to orders_batch_10.sql (Total: 3000)
2026-03-19T09:25:19.093Z -   - Processing batch 11...
2026-03-19T09:25:23.202Z -     ...wrote 300 documents to orders_batch_11.sql (Total: 3300)
2026-03-19T09:25:23.202Z -   - Processing batch 12...
2026-03-19T09:25:26.849Z -     ...wrote 300 documents to orders_batch_12.sql (Total: 3600)
2026-03-19T09:25:26.849Z -   - Processing batch 13...
2026-03-19T09:25:30.706Z -     ...wrote 300 documents to orders_batch_13.sql (Total: 3900)
2026-03-19T09:25:30.706Z -   - Processing batch 14...
2026-03-19T09:25:34.845Z -     ...wrote 300 documents to orders_batch_14.sql (Total: 4200)
2026-03-19T09:25:34.846Z -   - Processing batch 15...
2026-03-19T09:25:39.192Z -     ...wrote 300 documents to orders_batch_15.sql (Total: 4500)
2026-03-19T09:25:39.192Z -   - Processing batch 16...
2026-03-19T09:25:44.336Z -     ...wrote 300 documents to orders_batch_16.sql (Total: 4800)
2026-03-19T09:25:44.336Z -   - Processing batch 17...
2026-03-19T09:25:49.387Z -     ...wrote 300 documents to orders_batch_17.sql (Total: 5100)
2026-03-19T09:25:49.387Z -   - Processing batch 18...
2026-03-19T09:25:53.884Z -     ...wrote 300 documents to orders_batch_18.sql (Total: 5400)
2026-03-19T09:25:53.884Z -   - Processing batch 19...
2026-03-19T09:25:55.611Z -     ...wrote 136 documents to orders_batch_19.sql (Total: 5536)
2026-03-19T09:25:55.611Z - Successfully exported collection: orders
2026-03-19T09:25:55.611Z - 
Exporting collection: sellOrders
2026-03-19T09:25:55.611Z -   - Processing batch 1...
2026-03-19T09:25:56.081Z -     ...wrote 300 documents to sell_orders_batch_1.sql (Total: 300)
2026-03-19T09:25:56.082Z -   - Processing batch 2...
2026-03-19T09:25:56.541Z -     ...wrote 300 documents to sell_orders_batch_2.sql (Total: 600)
2026-03-19T09:25:56.542Z -   - Processing batch 3...
2026-03-19T09:25:57.101Z -     ...wrote 300 documents to sell_orders_batch_3.sql (Total: 900)
2026-03-19T09:25:57.103Z -   - Processing batch 4...
2026-03-19T09:25:57.543Z -     ...wrote 300 documents to sell_orders_batch_4.sql (Total: 1200)
2026-03-19T09:25:57.543Z -   - Processing batch 5...
2026-03-19T09:25:57.997Z -     ...wrote 300 documents to sell_orders_batch_5.sql (Total: 1500)
2026-03-19T09:25:57.997Z -   - Processing batch 6...
2026-03-19T09:25:58.402Z -     ...wrote 170 documents to sell_orders_batch_6.sql (Total: 1670)
2026-03-19T09:25:58.403Z - Successfully exported collection: sellOrders
2026-03-19T09:25:58.403Z - 
Exporting collection: transactions
2026-03-19T09:25:58.403Z -   - Processing batch 1...
2026-03-19T09:25:58.825Z -     ...wrote 300 documents to transactions_batch_1.sql (Total: 300)
2026-03-19T09:25:58.827Z -   - Processing batch 2...
2026-03-19T09:25:59.237Z -     ...wrote 300 documents to transactions_batch_2.sql (Total: 600)
2026-03-19T09:25:59.238Z -   - Processing batch 3...
2026-03-19T09:25:59.644Z -     ...wrote 300 documents to transactions_batch_3.sql (Total: 900)
2026-03-19T09:25:59.644Z -   - Processing batch 4...
2026-03-19T09:26:00.050Z -     ...wrote 300 documents to transactions_batch_4.sql (Total: 1200)
2026-03-19T09:26:00.050Z -   - Processing batch 5...
2026-03-19T09:26:00.486Z -     ...wrote 300 documents to transactions_batch_5.sql (Total: 1500)
2026-03-19T09:26:00.486Z -   - Processing batch 6...
2026-03-19T09:26:00.888Z -     ...wrote 300 documents to transactions_batch_6.sql (Total: 1800)
2026-03-19T09:26:00.889Z -   - Processing batch 7...
2026-03-19T09:26:01.303Z -     ...wrote 300 documents to transactions_batch_7.sql (Total: 2100)
2026-03-19T09:26:01.303Z -   - Processing batch 8...
2026-03-19T09:26:01.720Z -     ...wrote 300 documents to transactions_batch_8.sql (Total: 2400)
2026-03-19T09:26:01.722Z -   - Processing batch 9...
2026-03-19T09:26:01.922Z -     ...wrote 44 documents to transactions_batch_9.sql (Total: 2444)
2026-03-19T09:26:01.922Z - Successfully exported collection: transactions
2026-03-19T09:26:01.922Z - 
Exporting collection: paymentMethods
2026-03-19T09:26:01.924Z -   - Processing batch 1...
2026-03-19T09:26:02.148Z -     ...wrote 6 documents to payment_methods_batch_1.sql (Total: 6)
2026-03-19T09:26:02.148Z - Successfully exported collection: paymentMethods
2026-03-19T09:26:02.149Z - 
--- Firestore Data Export Complete ---
2026-03-19T09:26:02.149Z - SQL batch files are located in: /home/user/studio/migration_dist/batches
